build/app/intermediates/manifest_merge_blame_file/release/manifest-merger-blame-release-report.txt
1<?xml version="1.0" encoding="utf-8"?>
2<manifest xmlns:android="http://schemas.android.com/apk/res/android"
3    package="com.example.peliculasapp"
4    android:versionCode="1"
5    android:versionName="1.0.0" >
6
7    <uses-sdk
8        android:minSdkVersion="21"
8-->src\main\AndroidManifest.xml
9        android:targetSdkVersion="34" />
9-->src\main\AndroidManifest.xml
10    <!-- Permiso para acceso a Internet -->
11    <uses-permission android:name="android.permission.INTERNET" />
11-->src\main\AndroidManifest.xml:3:5-67
11-->src\main\AndroidManifest.xml:3:22-64
12
13    <!-- Permite consultar actividades que pueden procesar texto -->
14    <queries>
14-->src\main\AndroidManifest.xml:49:5-54:15
15        <intent>
15-->src\main\AndroidManifest.xml:50:9-53:18
16            <action android:name="android.intent.action.PROCESS_TEXT" />
16-->src\main\AndroidManifest.xml:51:13-72
16-->src\main\AndroidManifest.xml:51:21-70
17
18            <data android:mimeType="text/plain" />
18-->src\main\AndroidManifest.xml:52:13-50
18-->src\main\AndroidManifest.xml:52:19-48
19        </intent>
20        <intent>
20-->[:flutter_inappwebview] AndroidManifest.xml:10:9-12:18
21            <action android:name="android.support.customtabs.action.CustomTabsService" />
21-->[:flutter_inappwebview] AndroidManifest.xml:11:13-90
21-->[:flutter_inappwebview] AndroidManifest.xml:11:21-87
22        </intent>
23    </queries>
24
25    <permission
25-->[androidx.core:core:1.13.1] AndroidManifest.xml:22:5-24:47
26        android:name="com.example.peliculasapp.DYNAMIC_RECEIVER_NOT_EXPORTED_PERMISSION"
26-->[androidx.core:core:1.13.1] AndroidManifest.xml:23:9-81
27        android:protectionLevel="signature" />
27-->[androidx.core:core:1.13.1] AndroidManifest.xml:24:9-44
28
29    <uses-permission android:name="com.example.peliculasapp.DYNAMIC_RECEIVER_NOT_EXPORTED_PERMISSION" />
29-->[androidx.core:core:1.13.1] AndroidManifest.xml:26:5-97
29-->[androidx.core:core:1.13.1] AndroidManifest.xml:26:22-94
30
31    <application
32        android:name="android.app.Application"
32-->src\main\AndroidManifest.xml:7:9-42
33        android:appComponentFactory="androidx.core.app.CoreComponentFactory"
33-->[androidx.core:core:1.13.1] AndroidManifest.xml:28:18-86
34        android:icon="@mipmap/ic_launcher"
34-->src\main\AndroidManifest.xml:8:9-43
35        android:label="peliculasapp" >
35-->src\main\AndroidManifest.xml:6:9-37
36        <activity
36-->src\main\AndroidManifest.xml:10:9-40:20
37            android:name="com.example.peliculasapp.MainActivity"
37-->src\main\AndroidManifest.xml:11:13-41
38            android:configChanges="orientation|keyboardHidden|keyboard|screenSize|smallestScreenSize|locale|layoutDirection|fontScale|screenLayout|density|uiMode"
38-->src\main\AndroidManifest.xml:16:13-163
39            android:exported="true"
39-->src\main\AndroidManifest.xml:12:13-36
40            android:hardwareAccelerated="true"
40-->src\main\AndroidManifest.xml:17:13-47
41            android:launchMode="singleTop"
41-->src\main\AndroidManifest.xml:13:13-43
42            android:taskAffinity=""
42-->src\main\AndroidManifest.xml:14:13-36
43            android:theme="@style/LaunchTheme"
43-->src\main\AndroidManifest.xml:15:13-47
44            android:windowSoftInputMode="adjustResize" >
44-->src\main\AndroidManifest.xml:18:13-55
45
46            <!-- Meta-data para el tema de Flutter -->
47            <meta-data
47-->src\main\AndroidManifest.xml:21:13-24:15
48                android:name="io.flutter.embedding.android.NormalTheme"
48-->src\main\AndroidManifest.xml:22:15-70
49                android:resource="@style/NormalTheme" />
49-->src\main\AndroidManifest.xml:23:15-52
50
51            <!-- Intent filter para iniciar la aplicación -->
52            <intent-filter>
52-->src\main\AndroidManifest.xml:27:13-30:29
53                <action android:name="android.intent.action.MAIN" />
53-->src\main\AndroidManifest.xml:28:17-68
53-->src\main\AndroidManifest.xml:28:25-66
54
55                <category android:name="android.intent.category.LAUNCHER" />
55-->src\main\AndroidManifest.xml:29:17-76
55-->src\main\AndroidManifest.xml:29:27-74
56            </intent-filter>
57
58            <!-- Intent filter para deep linking (si lo usas) -->
59            <intent-filter>
59-->src\main\AndroidManifest.xml:33:13-38:29
60                <action android:name="android.intent.action.VIEW" />
60-->src\main\AndroidManifest.xml:34:17-68
60-->src\main\AndroidManifest.xml:34:25-66
61
62                <category android:name="android.intent.category.DEFAULT" />
62-->src\main\AndroidManifest.xml:35:17-75
62-->src\main\AndroidManifest.xml:35:27-73
63                <category android:name="android.intent.category.BROWSABLE" />
63-->src\main\AndroidManifest.xml:36:17-77
63-->src\main\AndroidManifest.xml:36:27-75
64
65                <data
65-->src\main\AndroidManifest.xml:52:13-50
66                    android:host="movie"
66-->src\main\AndroidManifest.xml:37:46-66
67                    android:scheme="myapp" />
67-->src\main\AndroidManifest.xml:37:23-45
68            </intent-filter>
69        </activity>
70
71        <!-- Meta-data para la integración de Flutter (no eliminar) -->
72        <meta-data
72-->src\main\AndroidManifest.xml:43:9-45:33
73            android:name="flutterEmbedding"
73-->src\main\AndroidManifest.xml:44:13-44
74            android:value="2" />
74-->src\main\AndroidManifest.xml:45:13-30
75
76        <activity
76-->[:flutter_inappwebview] AndroidManifest.xml:16:9-20:47
77            android:name="com.pichillilorenzo.flutter_inappwebview.in_app_browser.InAppBrowserActivity"
77-->[:flutter_inappwebview] AndroidManifest.xml:17:13-104
78            android:configChanges="orientation|keyboardHidden|keyboard|screenSize|locale|layoutDirection|fontScale|screenLayout|density"
78-->[:flutter_inappwebview] AndroidManifest.xml:18:13-137
79            android:exported="false"
79-->[:flutter_inappwebview] AndroidManifest.xml:19:13-37
80            android:theme="@style/AppTheme" />
80-->[:flutter_inappwebview] AndroidManifest.xml:20:13-44
81        <activity
81-->[:flutter_inappwebview] AndroidManifest.xml:21:9-24:55
82            android:name="com.pichillilorenzo.flutter_inappwebview.chrome_custom_tabs.ChromeCustomTabsActivity"
82-->[:flutter_inappwebview] AndroidManifest.xml:22:13-112
83            android:exported="false"
83-->[:flutter_inappwebview] AndroidManifest.xml:23:13-37
84            android:theme="@style/ThemeTransparent" />
84-->[:flutter_inappwebview] AndroidManifest.xml:24:13-52
85        <activity
85-->[:flutter_inappwebview] AndroidManifest.xml:25:9-28:55
86            android:name="com.pichillilorenzo.flutter_inappwebview.chrome_custom_tabs.TrustedWebActivity"
86-->[:flutter_inappwebview] AndroidManifest.xml:26:13-106
87            android:exported="false"
87-->[:flutter_inappwebview] AndroidManifest.xml:27:13-37
88            android:theme="@style/ThemeTransparent" />
88-->[:flutter_inappwebview] AndroidManifest.xml:28:13-52
89        <activity
89-->[:flutter_inappwebview] AndroidManifest.xml:29:9-33:55
90            android:name="com.pichillilorenzo.flutter_inappwebview.chrome_custom_tabs.ChromeCustomTabsActivitySingleInstance"
90-->[:flutter_inappwebview] AndroidManifest.xml:30:13-126
91            android:exported="false"
91-->[:flutter_inappwebview] AndroidManifest.xml:31:13-37
92            android:launchMode="singleInstance"
92-->[:flutter_inappwebview] AndroidManifest.xml:32:13-48
93            android:theme="@style/ThemeTransparent" />
93-->[:flutter_inappwebview] AndroidManifest.xml:33:13-52
94        <activity
94-->[:flutter_inappwebview] AndroidManifest.xml:34:9-38:55
95            android:name="com.pichillilorenzo.flutter_inappwebview.chrome_custom_tabs.TrustedWebActivitySingleInstance"
95-->[:flutter_inappwebview] AndroidManifest.xml:35:13-120
96            android:exported="false"
96-->[:flutter_inappwebview] AndroidManifest.xml:36:13-37
97            android:launchMode="singleInstance"
97-->[:flutter_inappwebview] AndroidManifest.xml:37:13-48
98            android:theme="@style/ThemeTransparent" />
98-->[:flutter_inappwebview] AndroidManifest.xml:38:13-52
99
100        <receiver
100-->[:flutter_inappwebview] AndroidManifest.xml:40:9-43:40
101            android:name="com.pichillilorenzo.flutter_inappwebview.chrome_custom_tabs.ActionBroadcastReceiver"
101-->[:flutter_inappwebview] AndroidManifest.xml:41:13-111
102            android:enabled="true"
102-->[:flutter_inappwebview] AndroidManifest.xml:42:13-35
103            android:exported="false" />
103-->[:flutter_inappwebview] AndroidManifest.xml:43:13-37
104
105        <meta-data
105-->[:flutter_inappwebview] AndroidManifest.xml:45:9-47:36
106            android:name="io.flutter.embedded_views_preview"
106-->[:flutter_inappwebview] AndroidManifest.xml:46:13-61
107            android:value="true" />
107-->[:flutter_inappwebview] AndroidManifest.xml:47:13-33
108        <!--
109           Declares a provider which allows us to store files to share in
110           '.../caches/share_plus' and grant the receiving action access
111        -->
112        <provider
112-->[:share_plus] AndroidManifest.xml:15:9-23:20
113            android:name="dev.fluttercommunity.plus.share.ShareFileProvider"
113-->[:share_plus] AndroidManifest.xml:16:13-77
114            android:authorities="com.example.peliculasapp.flutter.share_provider"
114-->[:share_plus] AndroidManifest.xml:17:13-74
115            android:exported="false"
115-->[:share_plus] AndroidManifest.xml:18:13-37
116            android:grantUriPermissions="true" >
116-->[:share_plus] AndroidManifest.xml:19:13-47
117            <meta-data
117-->[:share_plus] AndroidManifest.xml:20:13-22:68
118                android:name="android.support.FILE_PROVIDER_PATHS"
118-->[:share_plus] AndroidManifest.xml:21:17-67
119                android:resource="@xml/flutter_share_file_paths" />
119-->[:share_plus] AndroidManifest.xml:22:17-65
120        </provider>
121        <!--
122           This manifest declared broadcast receiver allows us to use an explicit
123           Intent when creating a PendingItent to be informed of the user's choice
124        -->
125        <receiver
125-->[:share_plus] AndroidManifest.xml:28:9-34:20
126            android:name="dev.fluttercommunity.plus.share.SharePlusPendingIntent"
126-->[:share_plus] AndroidManifest.xml:29:13-82
127            android:exported="false" >
127-->[:share_plus] AndroidManifest.xml:30:13-37
128            <intent-filter>
128-->[:share_plus] AndroidManifest.xml:31:13-33:29
129                <action android:name="EXTRA_CHOSEN_COMPONENT" />
129-->[:share_plus] AndroidManifest.xml:32:17-65
129-->[:share_plus] AndroidManifest.xml:32:25-62
130            </intent-filter>
131        </receiver>
132
133        <activity
133-->[:url_launcher_android] AndroidManifest.xml:10:9-13:74
134            android:name="io.flutter.plugins.urllauncher.WebViewActivity"
134-->[:url_launcher_android] AndroidManifest.xml:11:13-74
135            android:exported="false"
135-->[:url_launcher_android] AndroidManifest.xml:12:13-37
136            android:theme="@android:style/Theme.NoTitleBar.Fullscreen" />
136-->[:url_launcher_android] AndroidManifest.xml:13:13-71
137
138        <uses-library
138-->[androidx.window:window:1.0.0-beta04] AndroidManifest.xml:25:9-27:40
139            android:name="androidx.window.extensions"
139-->[androidx.window:window:1.0.0-beta04] AndroidManifest.xml:26:13-54
140            android:required="false" />
140-->[androidx.window:window:1.0.0-beta04] AndroidManifest.xml:27:13-37
141        <uses-library
141-->[androidx.window:window:1.0.0-beta04] AndroidManifest.xml:28:9-30:40
142            android:name="androidx.window.sidecar"
142-->[androidx.window:window:1.0.0-beta04] AndroidManifest.xml:29:13-51
143            android:required="false" />
143-->[androidx.window:window:1.0.0-beta04] AndroidManifest.xml:30:13-37
144
145        <provider
145-->[androidx.emoji2:emoji2:1.2.0] AndroidManifest.xml:24:9-32:20
146            android:name="androidx.startup.InitializationProvider"
146-->[androidx.emoji2:emoji2:1.2.0] AndroidManifest.xml:25:13-67
147            android:authorities="com.example.peliculasapp.androidx-startup"
147-->[androidx.emoji2:emoji2:1.2.0] AndroidManifest.xml:26:13-68
148            android:exported="false" >
148-->[androidx.emoji2:emoji2:1.2.0] AndroidManifest.xml:27:13-37
149            <meta-data
149-->[androidx.emoji2:emoji2:1.2.0] AndroidManifest.xml:29:13-31:52
150                android:name="androidx.emoji2.text.EmojiCompatInitializer"
150-->[androidx.emoji2:emoji2:1.2.0] AndroidManifest.xml:30:17-75
151                android:value="androidx.startup" />
151-->[androidx.emoji2:emoji2:1.2.0] AndroidManifest.xml:31:17-49
152            <meta-data
152-->[androidx.lifecycle:lifecycle-process:2.6.2] AndroidManifest.xml:29:13-31:52
153                android:name="androidx.lifecycle.ProcessLifecycleInitializer"
153-->[androidx.lifecycle:lifecycle-process:2.6.2] AndroidManifest.xml:30:17-78
154                android:value="androidx.startup" />
154-->[androidx.lifecycle:lifecycle-process:2.6.2] AndroidManifest.xml:31:17-49
155            <meta-data
155-->[androidx.profileinstaller:profileinstaller:1.3.0] AndroidManifest.xml:29:13-31:52
156                android:name="androidx.profileinstaller.ProfileInstallerInitializer"
156-->[androidx.profileinstaller:profileinstaller:1.3.0] AndroidManifest.xml:30:17-85
157                android:value="androidx.startup" />
157-->[androidx.profileinstaller:profileinstaller:1.3.0] AndroidManifest.xml:31:17-49
158        </provider>
159
160        <receiver
160-->[androidx.profileinstaller:profileinstaller:1.3.0] AndroidManifest.xml:34:9-52:20
161            android:name="androidx.profileinstaller.ProfileInstallReceiver"
161-->[androidx.profileinstaller:profileinstaller:1.3.0] AndroidManifest.xml:35:13-76
162            android:directBootAware="false"
162-->[androidx.profileinstaller:profileinstaller:1.3.0] AndroidManifest.xml:36:13-44
163            android:enabled="true"
163-->[androidx.profileinstaller:profileinstaller:1.3.0] AndroidManifest.xml:37:13-35
164            android:exported="true"
164-->[androidx.profileinstaller:profileinstaller:1.3.0] AndroidManifest.xml:38:13-36
165            android:permission="android.permission.DUMP" >
165-->[androidx.profileinstaller:profileinstaller:1.3.0] AndroidManifest.xml:39:13-57
166            <intent-filter>
166-->[androidx.profileinstaller:profileinstaller:1.3.0] AndroidManifest.xml:40:13-42:29
167                <action android:name="androidx.profileinstaller.action.INSTALL_PROFILE" />
167-->[androidx.profileinstaller:profileinstaller:1.3.0] AndroidManifest.xml:41:17-91
167-->[androidx.profileinstaller:profileinstaller:1.3.0] AndroidManifest.xml:41:25-88
168            </intent-filter>
169            <intent-filter>
169-->[androidx.profileinstaller:profileinstaller:1.3.0] AndroidManifest.xml:43:13-45:29
170                <action android:name="androidx.profileinstaller.action.SKIP_FILE" />
170-->[androidx.profileinstaller:profileinstaller:1.3.0] AndroidManifest.xml:44:17-85
170-->[androidx.profileinstaller:profileinstaller:1.3.0] AndroidManifest.xml:44:25-82
171            </intent-filter>
172            <intent-filter>
172-->[androidx.profileinstaller:profileinstaller:1.3.0] AndroidManifest.xml:46:13-48:29
173                <action android:name="androidx.profileinstaller.action.SAVE_PROFILE" />
173-->[androidx.profileinstaller:profileinstaller:1.3.0] AndroidManifest.xml:47:17-88
173-->[androidx.profileinstaller:profileinstaller:1.3.0] AndroidManifest.xml:47:25-85
174            </intent-filter>
175            <intent-filter>
175-->[androidx.profileinstaller:profileinstaller:1.3.0] AndroidManifest.xml:49:13-51:29
176                <action android:name="androidx.profileinstaller.action.BENCHMARK_OPERATION" />
176-->[androidx.profileinstaller:profileinstaller:1.3.0] AndroidManifest.xml:50:17-95
176-->[androidx.profileinstaller:profileinstaller:1.3.0] AndroidManifest.xml:50:25-92
177            </intent-filter>
178        </receiver>
179    </application>
180
181</manifest>